<?xml version="1.0" encoding="UTF-8"?>
<coverage generated="1733210368136" clover="3.2.0">
  <project timestamp="1733210368136" name="All files">
    <metrics statements="1" coveredstatements="0" conditionals="0" coveredconditionals="0" methods="0" coveredmethods="0" elements="1" coveredelements="0" complexity="0" loc="1" ncloc="1" packages="2" files="2" classes="2"/>
    <package name="interview-task-front-pre-course">
      <metrics statements="0" coveredstatements="0" conditionals="0" coveredconditionals="0" methods="0" coveredmethods="0"/>
      <file name="next-env.d.ts" path="/Users/kim-yoohyeon/Downloads/interview-task-front-pre-course/next-env.d.ts">
        <metrics statements="0" coveredstatements="0" conditionals="0" coveredconditionals="0" methods="0" coveredmethods="0"/>
      </file>
    </package>
    <package name="interview-task-front-pre-course.src.constants">
      <metrics statements="1" coveredstatements="0" conditionals="0" coveredconditionals="0" methods="0" coveredmethods="0"/>
      <file name="toggleOptions.ts" path="/Users/kim-yoohyeon/Downloads/interview-task-front-pre-course/src/constants/toggleOptions.ts">
        <metrics statements="1" coveredstatements="0" conditionals="0" coveredconditionals="0" methods="0" coveredmethods="0"/>
        <line num="1" count="0" type="stmt"/>
      </file>
    </package>
  </project>
</coverage>
