{"/Users/kim-yoohyeon/Downloads/interview-task-front-pre-course/next-env.d.ts": {"path":"/Users/kim-yoohyeon/Downloads/interview-task-front-pre-course/next-env.d.ts","statementMap":{},"fnMap":{},"branchMap":{},"s":{},"f":{},"b":{}}
,"/Users/kim-yoohyeon/Downloads/interview-task-front-pre-course/src/constants/toggleOptions.ts": {"path":"/Users/kim-yoohyeon/Downloads/interview-task-front-pre-course/src/constants/toggleOptions.ts","statementMap":{"0":{"start":{"line":1,"column":22},"end":{"line":5,"column":1}}},"fnMap":{},"branchMap":{},"s":{"0":0},"f":{},"b":{}}
}
